ARM GAS  C:\Users\lucdd\AppData\Local\Temp\ccsrBcre.s 			page 1


   1              		.syntax unified
   2              		.cpu cortex-m3
   3              		.fpu softvfp
   4              		.eabi_attribute 20, 1
   5              		.eabi_attribute 21, 1
   6              		.eabi_attribute 23, 3
   7              		.eabi_attribute 24, 1
   8              		.eabi_attribute 25, 1
   9              		.eabi_attribute 26, 1
  10              		.eabi_attribute 30, 1
  11              		.eabi_attribute 34, 1
  12              		.eabi_attribute 18, 4
  13              		.thumb
  14              		.syntax unified
  15              		.file	"cymetadata.c"
  16              		.text
  17              	.Ltext0:
  18              		.cfi_sections	.debug_frame
  19              		.global	cy_metadata
  20              		.global	cy_meta_flashprotect
  21              		.global	cy_meta_wonvl
  22              		.global	cy_meta_custnvl
  23              		.global	cy_meta_configecc
  24              		.section	.cyconfigecc,"a",%progbits
  25              		.align	2
  26              		.type	cy_meta_configecc, %object
  27              		.size	cy_meta_configecc, 1672
  28              	cy_meta_configecc:
  29 0000 01       		.byte	1
  30 0001 45       		.byte	69
  31 0002 00       		.byte	0
  32 0003 40       		.byte	64
  33 0004 02       		.byte	2
  34 0005 4F       		.byte	79
  35 0006 00       		.byte	0
  36 0007 40       		.byte	64
  37 0008 05       		.byte	5
  38 0009 52       		.byte	82
  39 000a 00       		.byte	0
  40 000b 40       		.byte	64
  41 000c 03       		.byte	3
  42 000d 64       		.byte	100
  43 000e 00       		.byte	0
  44 000f 40       		.byte	64
  45 0010 02       		.byte	2
  46 0011 65       		.byte	101
  47 0012 00       		.byte	0
  48 0013 40       		.byte	64
  49 0014 01       		.byte	1
  50 0015 05       		.byte	5
  51 0016 01       		.byte	1
  52 0017 40       		.byte	64
  53 0018 04       		.byte	4
  54 0019 06       		.byte	6
  55 001a 01       		.byte	1
  56 001b 40       		.byte	64
  57 001c 02       		.byte	2
ARM GAS  C:\Users\lucdd\AppData\Local\Temp\ccsrBcre.s 			page 2


  58 001d 07       		.byte	7
  59 001e 01       		.byte	1
  60 001f 40       		.byte	64
  61 0020 38       		.byte	56
  62 0021 08       		.byte	8
  63 0022 01       		.byte	1
  64 0023 40       		.byte	64
  65 0024 38       		.byte	56
  66 0025 09       		.byte	9
  67 0026 01       		.byte	1
  68 0027 40       		.byte	64
  69 0028 5E       		.byte	94
  70 0029 0A       		.byte	10
  71 002a 01       		.byte	1
  72 002b 40       		.byte	64
  73 002c 41       		.byte	65
  74 002d 0B       		.byte	11
  75 002e 01       		.byte	1
  76 002f 40       		.byte	64
  77 0030 43       		.byte	67
  78 0031 0C       		.byte	12
  79 0032 01       		.byte	1
  80 0033 40       		.byte	64
  81 0034 2E       		.byte	46
  82 0035 0D       		.byte	13
  83 0036 01       		.byte	1
  84 0037 40       		.byte	64
  85 0038 01       		.byte	1
  86 0039 17       		.byte	23
  87 003a 01       		.byte	1
  88 003b 40       		.byte	64
  89 003c 1E       		.byte	30
  90 003d 18       		.byte	24
  91 003e 01       		.byte	1
  92 003f 40       		.byte	64
  93 0040 3D       		.byte	61
  94 0041 19       		.byte	25
  95 0042 01       		.byte	1
  96 0043 40       		.byte	64
  97 0044 40       		.byte	64
  98 0045 1A       		.byte	26
  99 0046 01       		.byte	1
 100 0047 40       		.byte	64
 101 0048 40       		.byte	64
 102 0049 1B       		.byte	27
 103 004a 01       		.byte	1
 104 004b 40       		.byte	64
 105 004c 03       		.byte	3
 106 004d 40       		.byte	64
 107 004e 01       		.byte	1
 108 004f 40       		.byte	64
 109 0050 02       		.byte	2
 110 0051 41       		.byte	65
 111 0052 01       		.byte	1
 112 0053 40       		.byte	64
 113 0054 08       		.byte	8
 114 0055 42       		.byte	66
ARM GAS  C:\Users\lucdd\AppData\Local\Temp\ccsrBcre.s 			page 3


 115 0056 01       		.byte	1
 116 0057 40       		.byte	64
 117 0058 05       		.byte	5
 118 0059 43       		.byte	67
 119 005a 01       		.byte	1
 120 005b 40       		.byte	64
 121 005c 06       		.byte	6
 122 005d 45       		.byte	69
 123 005e 01       		.byte	1
 124 005f 40       		.byte	64
 125 0060 0B       		.byte	11
 126 0061 46       		.byte	70
 127 0062 01       		.byte	1
 128 0063 40       		.byte	64
 129 0064 01       		.byte	1
 130 0065 47       		.byte	71
 131 0066 01       		.byte	1
 132 0067 40       		.byte	64
 133 0068 03       		.byte	3
 134 0069 48       		.byte	72
 135 006a 01       		.byte	1
 136 006b 40       		.byte	64
 137 006c 08       		.byte	8
 138 006d 4C       		.byte	76
 139 006e 01       		.byte	1
 140 006f 40       		.byte	64
 141 0070 08       		.byte	8
 142 0071 4D       		.byte	77
 143 0072 01       		.byte	1
 144 0073 40       		.byte	64
 145 0074 05       		.byte	5
 146 0075 50       		.byte	80
 147 0076 01       		.byte	1
 148 0077 40       		.byte	64
 149 0078 01       		.byte	1
 150 0079 51       		.byte	81
 151 007a 01       		.byte	1
 152 007b 40       		.byte	64
 153 007c 12       		.byte	18
 154 007d 02       		.byte	2
 155 007e 01       		.byte	1
 156 007f 80       		.byte	-128
 157 0080 0A       		.byte	10
 158 0081 27       		.byte	39
 159 0082 08       		.byte	8
 160 0083 C0       		.byte	-64
 161 0084 09       		.byte	9
 162 0085 80       		.byte	-128
 163 0086 10       		.byte	16
 164 0087 01       		.byte	1
 165 0088 11       		.byte	17
 166 0089 01       		.byte	1
 167 008a 78       		.byte	120
 168 008b 10       		.byte	16
 169 008c 89       		.byte	-119
 170 008d 0D       		.byte	13
 171 008e 8A       		.byte	-118
ARM GAS  C:\Users\lucdd\AppData\Local\Temp\ccsrBcre.s 			page 4


 172 008f 0F       		.byte	15
 173 0090 8D       		.byte	-115
 174 0091 0D       		.byte	13
 175 0092 88       		.byte	-120
 176 0093 38       		.byte	56
 177 0094 8B       		.byte	-117
 178 0095 72       		.byte	114
 179 0096 E6       		.byte	-26
 180 0097 04       		.byte	4
 181 0098 39       		.byte	57
 182 0099 08       		.byte	8
 183 009a 3F       		.byte	63
 184 009b 04       		.byte	4
 185 009c 59       		.byte	89
 186 009d 04       		.byte	4
 187 009e 5F       		.byte	95
 188 009f 01       		.byte	1
 189 00a0 27       		.byte	39
 190 00a1 20       		.byte	32
 191 00a2 83       		.byte	-125
 192 00a3 20       		.byte	32
 193 00a4 02       		.byte	2
 194 00a5 03       		.byte	3
 195 00a6 04       		.byte	4
 196 00a7 01       		.byte	1
 197 00a8 06       		.byte	6
 198 00a9 02       		.byte	2
 199 00aa 07       		.byte	7
 200 00ab 01       		.byte	1
 201 00ac 08       		.byte	8
 202 00ad 18       		.byte	24
 203 00ae 0E       		.byte	14
 204 00af 05       		.byte	5
 205 00b0 10       		.byte	16
 206 00b1 01       		.byte	1
 207 00b2 14       		.byte	20
 208 00b3 02       		.byte	2
 209 00b4 19       		.byte	25
 210 00b5 01       		.byte	1
 211 00b6 1A       		.byte	26
 212 00b7 08       		.byte	8
 213 00b8 1C       		.byte	28
 214 00b9 18       		.byte	24
 215 00ba 24       		.byte	36
 216 00bb 10       		.byte	16
 217 00bc 28       		.byte	40
 218 00bd 01       		.byte	1
 219 00be 2B       		.byte	43
 220 00bf 01       		.byte	1
 221 00c0 2F       		.byte	47
 222 00c1 01       		.byte	1
 223 00c2 30       		.byte	48
 224 00c3 04       		.byte	4
 225 00c4 32       		.byte	50
 226 00c5 18       		.byte	24
 227 00c6 33       		.byte	51
 228 00c7 01       		.byte	1
ARM GAS  C:\Users\lucdd\AppData\Local\Temp\ccsrBcre.s 			page 5


 229 00c8 34       		.byte	52
 230 00c9 03       		.byte	3
 231 00ca 38       		.byte	56
 232 00cb 08       		.byte	8
 233 00cc 3B       		.byte	59
 234 00cd 08       		.byte	8
 235 00ce 3C       		.byte	60
 236 00cf 20       		.byte	32
 237 00d0 3D       		.byte	61
 238 00d1 08       		.byte	8
 239 00d2 3E       		.byte	62
 240 00d3 04       		.byte	4
 241 00d4 52       		.byte	82
 242 00d5 80       		.byte	-128
 243 00d6 58       		.byte	88
 244 00d7 04       		.byte	4
 245 00d8 59       		.byte	89
 246 00d9 04       		.byte	4
 247 00da 5B       		.byte	91
 248 00db 04       		.byte	4
 249 00dc 5F       		.byte	95
 250 00dd 01       		.byte	1
 251 00de 81       		.byte	-127
 252 00df 04       		.byte	4
 253 00e0 86       		.byte	-122
 254 00e1 06       		.byte	6
 255 00e2 87       		.byte	-121
 256 00e3 01       		.byte	1
 257 00e4 8B       		.byte	-117
 258 00e5 01       		.byte	1
 259 00e6 97       		.byte	-105
 260 00e7 01       		.byte	1
 261 00e8 98       		.byte	-104
 262 00e9 01       		.byte	1
 263 00ea 99       		.byte	-103
 264 00eb 02       		.byte	2
 265 00ec A0       		.byte	-96
 266 00ed 03       		.byte	3
 267 00ee A1       		.byte	-95
 268 00ef 01       		.byte	1
 269 00f0 A4       		.byte	-92
 270 00f1 03       		.byte	3
 271 00f2 A9       		.byte	-87
 272 00f3 01       		.byte	1
 273 00f4 AA       		.byte	-86
 274 00f5 04       		.byte	4
 275 00f6 AD       		.byte	-83
 276 00f7 02       		.byte	2
 277 00f8 B0       		.byte	-80
 278 00f9 01       		.byte	1
 279 00fa B1       		.byte	-79
 280 00fb 01       		.byte	1
 281 00fc B2       		.byte	-78
 282 00fd 04       		.byte	4
 283 00fe B3       		.byte	-77
 284 00ff 04       		.byte	4
 285 0100 B4       		.byte	-76
ARM GAS  C:\Users\lucdd\AppData\Local\Temp\ccsrBcre.s 			page 6


 286 0101 02       		.byte	2
 287 0102 B5       		.byte	-75
 288 0103 02       		.byte	2
 289 0104 BC       		.byte	-68
 290 0105 02       		.byte	2
 291 0106 BE       		.byte	-66
 292 0107 04       		.byte	4
 293 0108 BF       		.byte	-65
 294 0109 05       		.byte	5
 295 010a D4       		.byte	-44
 296 010b 05       		.byte	5
 297 010c D8       		.byte	-40
 298 010d 04       		.byte	4
 299 010e D9       		.byte	-39
 300 010f 04       		.byte	4
 301 0110 DB       		.byte	-37
 302 0111 04       		.byte	4
 303 0112 DF       		.byte	-33
 304 0113 05       		.byte	5
 305 0114 00       		.byte	0
 306 0115 04       		.byte	4
 307 0116 04       		.byte	4
 308 0117 14       		.byte	20
 309 0118 05       		.byte	5
 310 0119 20       		.byte	32
 311 011a 06       		.byte	6
 312 011b 80       		.byte	-128
 313 011c 07       		.byte	7
 314 011d 01       		.byte	1
 315 011e 09       		.byte	9
 316 011f 20       		.byte	32
 317 0120 0C       		.byte	12
 318 0121 48       		.byte	72
 319 0122 0D       		.byte	13
 320 0123 02       		.byte	2
 321 0124 0E       		.byte	14
 322 0125 01       		.byte	1
 323 0126 0F       		.byte	15
 324 0127 04       		.byte	4
 325 0128 10       		.byte	16
 326 0129 28       		.byte	40
 327 012a 12       		.byte	18
 328 012b 40       		.byte	64
 329 012c 17       		.byte	23
 330 012d 24       		.byte	36
 331 012e 19       		.byte	25
 332 012f 14       		.byte	20
 333 0130 1A       		.byte	26
 334 0131 40       		.byte	64
 335 0132 1C       		.byte	28
 336 0133 04       		.byte	4
 337 0134 1D       		.byte	29
 338 0135 0A       		.byte	10
 339 0136 1E       		.byte	30
 340 0137 04       		.byte	4
 341 0138 21       		.byte	33
 342 0139 20       		.byte	32
ARM GAS  C:\Users\lucdd\AppData\Local\Temp\ccsrBcre.s 			page 7


 343 013a 22       		.byte	34
 344 013b 04       		.byte	4
 345 013c 23       		.byte	35
 346 013d 80       		.byte	-128
 347 013e 27       		.byte	39
 348 013f 20       		.byte	32
 349 0140 28       		.byte	40
 350 0141 40       		.byte	64
 351 0142 29       		.byte	41
 352 0143 20       		.byte	32
 353 0144 2A       		.byte	42
 354 0145 40       		.byte	64
 355 0146 2C       		.byte	44
 356 0147 08       		.byte	8
 357 0148 2E       		.byte	46
 358 0149 80       		.byte	-128
 359 014a 30       		.byte	48
 360 014b 20       		.byte	32
 361 014c 33       		.byte	51
 362 014d 04       		.byte	4
 363 014e 37       		.byte	55
 364 014f 20       		.byte	32
 365 0150 38       		.byte	56
 366 0151 20       		.byte	32
 367 0152 39       		.byte	57
 368 0153 02       		.byte	2
 369 0154 3B       		.byte	59
 370 0155 04       		.byte	4
 371 0156 3E       		.byte	62
 372 0157 04       		.byte	4
 373 0158 59       		.byte	89
 374 0159 05       		.byte	5
 375 015a 5A       		.byte	90
 376 015b 40       		.byte	64
 377 015c 6B       		.byte	107
 378 015d 02       		.byte	2
 379 015e 76       		.byte	118
 380 015f 80       		.byte	-128
 381 0160 79       		.byte	121
 382 0161 08       		.byte	8
 383 0162 7E       		.byte	126
 384 0163 02       		.byte	2
 385 0164 90       		.byte	-112
 386 0165 30       		.byte	48
 387 0166 91       		.byte	-111
 388 0167 02       		.byte	2
 389 0168 92       		.byte	-110
 390 0169 01       		.byte	1
 391 016a 93       		.byte	-109
 392 016b 04       		.byte	4
 393 016c 9B       		.byte	-101
 394 016d 04       		.byte	4
 395 016e 9D       		.byte	-99
 396 016f 10       		.byte	16
 397 0170 9F       		.byte	-97
 398 0171 82       		.byte	-126
 399 0172 A5       		.byte	-91
ARM GAS  C:\Users\lucdd\AppData\Local\Temp\ccsrBcre.s 			page 8


 400 0173 08       		.byte	8
 401 0174 C0       		.byte	-64
 402 0175 F4       		.byte	-12
 403 0176 C2       		.byte	-62
 404 0177 F2       		.byte	-14
 405 0178 C4       		.byte	-60
 406 0179 6E       		.byte	110
 407 017a CA       		.byte	-54
 408 017b 3D       		.byte	61
 409 017c CC       		.byte	-52
 410 017d 26       		.byte	38
 411 017e CE       		.byte	-50
 412 017f 47       		.byte	71
 413 0180 D6       		.byte	-42
 414 0181 0B       		.byte	11
 415 0182 DE       		.byte	-34
 416 0183 12       		.byte	18
 417 0184 03       		.byte	3
 418 0185 03       		.byte	3
 419 0186 05       		.byte	5
 420 0187 40       		.byte	64
 421 0188 06       		.byte	6
 422 0189 0C       		.byte	12
 423 018a 08       		.byte	8
 424 018b 0C       		.byte	12
 425 018c 09       		.byte	9
 426 018d 30       		.byte	48
 427 018e 0A       		.byte	10
 428 018f 02       		.byte	2
 429 0190 0B       		.byte	11
 430 0191 0C       		.byte	12
 431 0192 0E       		.byte	14
 432 0193 06       		.byte	6
 433 0194 12       		.byte	18
 434 0195 04       		.byte	4
 435 0196 15       		.byte	21
 436 0197 1C       		.byte	28
 437 0198 16       		.byte	22
 438 0199 0A       		.byte	10
 439 019a 17       		.byte	23
 440 019b 22       		.byte	34
 441 019c 18       		.byte	24
 442 019d 01       		.byte	1
 443 019e 19       		.byte	25
 444 019f 14       		.byte	20
 445 01a0 21       		.byte	33
 446 01a1 2C       		.byte	44
 447 01a2 23       		.byte	35
 448 01a3 11       		.byte	17
 449 01a4 25       		.byte	37
 450 01a5 09       		.byte	9
 451 01a6 26       		.byte	38
 452 01a7 02       		.byte	2
 453 01a8 27       		.byte	39
 454 01a9 10       		.byte	16
 455 01aa 2D       		.byte	45
 456 01ab 10       		.byte	16
ARM GAS  C:\Users\lucdd\AppData\Local\Temp\ccsrBcre.s 			page 9


 457 01ac 31       		.byte	49
 458 01ad 1F       		.byte	31
 459 01ae 34       		.byte	52
 460 01af 01       		.byte	1
 461 01b0 35       		.byte	53
 462 01b1 60       		.byte	96
 463 01b2 36       		.byte	54
 464 01b3 0E       		.byte	14
 465 01b4 39       		.byte	57
 466 01b5 20       		.byte	32
 467 01b6 3A       		.byte	58
 468 01b7 80       		.byte	-128
 469 01b8 3E       		.byte	62
 470 01b9 10       		.byte	16
 471 01ba 40       		.byte	64
 472 01bb 36       		.byte	54
 473 01bc 41       		.byte	65
 474 01bd 01       		.byte	1
 475 01be 45       		.byte	69
 476 01bf EB       		.byte	-21
 477 01c0 46       		.byte	70
 478 01c1 C0       		.byte	-64
 479 01c2 47       		.byte	71
 480 01c3 0E       		.byte	14
 481 01c4 48       		.byte	72
 482 01c5 1B       		.byte	27
 483 01c6 49       		.byte	73
 484 01c7 FF       		.byte	-1
 485 01c8 4A       		.byte	74
 486 01c9 FF       		.byte	-1
 487 01ca 4B       		.byte	75
 488 01cb FF       		.byte	-1
 489 01cc 4E       		.byte	78
 490 01cd F0       		.byte	-16
 491 01ce 4F       		.byte	79
 492 01cf 44       		.byte	68
 493 01d0 50       		.byte	80
 494 01d1 0C       		.byte	12
 495 01d2 54       		.byte	84
 496 01d3 01       		.byte	1
 497 01d4 58       		.byte	88
 498 01d5 04       		.byte	4
 499 01d6 59       		.byte	89
 500 01d7 04       		.byte	4
 501 01d8 5A       		.byte	90
 502 01d9 04       		.byte	4
 503 01da 5B       		.byte	91
 504 01db 04       		.byte	4
 505 01dc 5C       		.byte	92
 506 01dd 11       		.byte	17
 507 01de 5D       		.byte	93
 508 01df 11       		.byte	17
 509 01e0 5F       		.byte	95
 510 01e1 01       		.byte	1
 511 01e2 66       		.byte	102
 512 01e3 C0       		.byte	-64
 513 01e4 6A       		.byte	106
ARM GAS  C:\Users\lucdd\AppData\Local\Temp\ccsrBcre.s 			page 10


 514 01e5 40       		.byte	64
 515 01e6 6B       		.byte	107
 516 01e7 02       		.byte	2
 517 01e8 81       		.byte	-127
 518 01e9 01       		.byte	1
 519 01ea 83       		.byte	-125
 520 01eb 0E       		.byte	14
 521 01ec 87       		.byte	-121
 522 01ed 03       		.byte	3
 523 01ee 88       		.byte	-120
 524 01ef 03       		.byte	3
 525 01f0 89       		.byte	-119
 526 01f1 01       		.byte	1
 527 01f2 8A       		.byte	-118
 528 01f3 04       		.byte	4
 529 01f4 8B       		.byte	-117
 530 01f5 06       		.byte	6
 531 01f6 94       		.byte	-108
 532 01f7 03       		.byte	3
 533 01f8 95       		.byte	-107
 534 01f9 0C       		.byte	12
 535 01fa 96       		.byte	-106
 536 01fb 0C       		.byte	12
 537 01fc 97       		.byte	-105
 538 01fd 03       		.byte	3
 539 01fe 9A       		.byte	-102
 540 01ff 05       		.byte	5
 541 0200 9B       		.byte	-101
 542 0201 0C       		.byte	12
 543 0202 9C       		.byte	-100
 544 0203 03       		.byte	3
 545 0204 9E       		.byte	-98
 546 0205 04       		.byte	4
 547 0206 A4       		.byte	-92
 548 0207 0A       		.byte	10
 549 0208 A6       		.byte	-90
 550 0209 04       		.byte	4
 551 020a AA       		.byte	-86
 552 020b 08       		.byte	8
 553 020c AF       		.byte	-81
 554 020d 08       		.byte	8
 555 020e B2       		.byte	-78
 556 020f 0F       		.byte	15
 557 0210 B5       		.byte	-75
 558 0211 0F       		.byte	15
 559 0212 BA       		.byte	-70
 560 0213 08       		.byte	8
 561 0214 BB       		.byte	-69
 562 0215 20       		.byte	32
 563 0216 C0       		.byte	-64
 564 0217 03       		.byte	3
 565 0218 C7       		.byte	-57
 566 0219 40       		.byte	64
 567 021a C9       		.byte	-55
 568 021b FF       		.byte	-1
 569 021c CA       		.byte	-54
 570 021d 07       		.byte	7
ARM GAS  C:\Users\lucdd\AppData\Local\Temp\ccsrBcre.s 			page 11


 571 021e CB       		.byte	-53
 572 021f FF       		.byte	-1
 573 0220 CC       		.byte	-52
 574 0221 40       		.byte	64
 575 0222 CD       		.byte	-51
 576 0223 20       		.byte	32
 577 0224 CE       		.byte	-50
 578 0225 F0       		.byte	-16
 579 0226 CF       		.byte	-49
 580 0227 05       		.byte	5
 581 0228 D0       		.byte	-48
 582 0229 08       		.byte	8
 583 022a D8       		.byte	-40
 584 022b 04       		.byte	4
 585 022c D9       		.byte	-39
 586 022d 04       		.byte	4
 587 022e DA       		.byte	-38
 588 022f 04       		.byte	4
 589 0230 DB       		.byte	-37
 590 0231 04       		.byte	4
 591 0232 DC       		.byte	-36
 592 0233 11       		.byte	17
 593 0234 DD       		.byte	-35
 594 0235 01       		.byte	1
 595 0236 DF       		.byte	-33
 596 0237 01       		.byte	1
 597 0238 E0       		.byte	-32
 598 0239 40       		.byte	64
 599 023a E1       		.byte	-31
 600 023b A8       		.byte	-88
 601 023c E2       		.byte	-30
 602 023d 40       		.byte	64
 603 023e E3       		.byte	-29
 604 023f 20       		.byte	32
 605 0240 01       		.byte	1
 606 0241 80       		.byte	-128
 607 0242 02       		.byte	2
 608 0243 20       		.byte	32
 609 0244 03       		.byte	3
 610 0245 04       		.byte	4
 611 0246 04       		.byte	4
 612 0247 20       		.byte	32
 613 0248 05       		.byte	5
 614 0249 20       		.byte	32
 615 024a 09       		.byte	9
 616 024b 01       		.byte	1
 617 024c 0A       		.byte	10
 618 024d 10       		.byte	16
 619 024e 0B       		.byte	11
 620 024f 08       		.byte	8
 621 0250 0E       		.byte	14
 622 0251 11       		.byte	17
 623 0252 0F       		.byte	15
 624 0253 04       		.byte	4
 625 0254 13       		.byte	19
 626 0255 04       		.byte	4
 627 0256 15       		.byte	21
ARM GAS  C:\Users\lucdd\AppData\Local\Temp\ccsrBcre.s 			page 12


 628 0257 20       		.byte	32
 629 0258 16       		.byte	22
 630 0259 04       		.byte	4
 631 025a 17       		.byte	23
 632 025b 04       		.byte	4
 633 025c 19       		.byte	25
 634 025d 80       		.byte	-128
 635 025e 1A       		.byte	26
 636 025f 05       		.byte	5
 637 0260 1C       		.byte	28
 638 0261 10       		.byte	16
 639 0262 1E       		.byte	30
 640 0263 10       		.byte	16
 641 0264 21       		.byte	33
 642 0265 11       		.byte	17
 643 0266 22       		.byte	34
 644 0267 20       		.byte	32
 645 0268 27       		.byte	39
 646 0269 04       		.byte	4
 647 026a 2A       		.byte	42
 648 026b 06       		.byte	6
 649 026c 2B       		.byte	43
 650 026d 02       		.byte	2
 651 026e 2F       		.byte	47
 652 026f 02       		.byte	2
 653 0270 30       		.byte	48
 654 0271 20       		.byte	32
 655 0272 33       		.byte	51
 656 0273 04       		.byte	4
 657 0274 36       		.byte	54
 658 0275 20       		.byte	32
 659 0276 37       		.byte	55
 660 0277 04       		.byte	4
 661 0278 38       		.byte	56
 662 0279 10       		.byte	16
 663 027a 39       		.byte	57
 664 027b 02       		.byte	2
 665 027c 3B       		.byte	59
 666 027d 04       		.byte	4
 667 027e 3E       		.byte	62
 668 027f 13       		.byte	19
 669 0280 3F       		.byte	63
 670 0281 04       		.byte	4
 671 0282 40       		.byte	64
 672 0283 10       		.byte	16
 673 0284 42       		.byte	66
 674 0285 01       		.byte	1
 675 0286 45       		.byte	69
 676 0287 08       		.byte	8
 677 0288 48       		.byte	72
 678 0289 20       		.byte	32
 679 028a 49       		.byte	73
 680 028b 01       		.byte	1
 681 028c 4A       		.byte	74
 682 028d 04       		.byte	4
 683 028e 4F       		.byte	79
 684 028f 04       		.byte	4
ARM GAS  C:\Users\lucdd\AppData\Local\Temp\ccsrBcre.s 			page 13


 685 0290 50       		.byte	80
 686 0291 10       		.byte	16
 687 0292 53       		.byte	83
 688 0293 04       		.byte	4
 689 0294 55       		.byte	85
 690 0295 01       		.byte	1
 691 0296 57       		.byte	87
 692 0297 02       		.byte	2
 693 0298 59       		.byte	89
 694 0299 21       		.byte	33
 695 029a 5A       		.byte	90
 696 029b 04       		.byte	4
 697 029c 5B       		.byte	91
 698 029d 80       		.byte	-128
 699 029e 5E       		.byte	94
 700 029f 08       		.byte	8
 701 02a0 5F       		.byte	95
 702 02a1 04       		.byte	4
 703 02a2 6A       		.byte	106
 704 02a3 80       		.byte	-128
 705 02a4 6D       		.byte	109
 706 02a5 40       		.byte	64
 707 02a6 81       		.byte	-127
 708 02a7 40       		.byte	64
 709 02a8 82       		.byte	-126
 710 02a9 40       		.byte	64
 711 02aa 87       		.byte	-121
 712 02ab 02       		.byte	2
 713 02ac 8D       		.byte	-115
 714 02ad 10       		.byte	16
 715 02ae C0       		.byte	-64
 716 02af 47       		.byte	71
 717 02b0 C2       		.byte	-62
 718 02b1 EE       		.byte	-18
 719 02b2 C4       		.byte	-60
 720 02b3 64       		.byte	100
 721 02b4 CA       		.byte	-54
 722 02b5 1B       		.byte	27
 723 02b6 CC       		.byte	-52
 724 02b7 66       		.byte	102
 725 02b8 CE       		.byte	-50
 726 02b9 E7       		.byte	-25
 727 02ba D0       		.byte	-48
 728 02bb 4A       		.byte	74
 729 02bc D2       		.byte	-46
 730 02bd 04       		.byte	4
 731 02be D6       		.byte	-42
 732 02bf 0F       		.byte	15
 733 02c0 E4       		.byte	-28
 734 02c1 07       		.byte	7
 735 02c2 03       		.byte	3
 736 02c3 01       		.byte	1
 737 02c4 06       		.byte	6
 738 02c5 01       		.byte	1
 739 02c6 07       		.byte	7
 740 02c7 01       		.byte	1
 741 02c8 16       		.byte	22
ARM GAS  C:\Users\lucdd\AppData\Local\Temp\ccsrBcre.s 			page 14


 742 02c9 01       		.byte	1
 743 02ca 1D       		.byte	29
 744 02cb 01       		.byte	1
 745 02cc 2B       		.byte	43
 746 02cd 01       		.byte	1
 747 02ce 30       		.byte	48
 748 02cf 01       		.byte	1
 749 02d0 31       		.byte	49
 750 02d1 01       		.byte	1
 751 02d2 36       		.byte	54
 752 02d3 01       		.byte	1
 753 02d4 37       		.byte	55
 754 02d5 01       		.byte	1
 755 02d6 3B       		.byte	59
 756 02d7 82       		.byte	-126
 757 02d8 3D       		.byte	61
 758 02d9 82       		.byte	-126
 759 02da 52       		.byte	82
 760 02db 80       		.byte	-128
 761 02dc 58       		.byte	88
 762 02dd 04       		.byte	4
 763 02de 59       		.byte	89
 764 02df 04       		.byte	4
 765 02e0 5B       		.byte	91
 766 02e1 04       		.byte	4
 767 02e2 5F       		.byte	95
 768 02e3 01       		.byte	1
 769 02e4 82       		.byte	-126
 770 02e5 03       		.byte	3
 771 02e6 84       		.byte	-124
 772 02e7 01       		.byte	1
 773 02e8 86       		.byte	-122
 774 02e9 06       		.byte	6
 775 02ea 87       		.byte	-121
 776 02eb 01       		.byte	1
 777 02ec 89       		.byte	-119
 778 02ed 06       		.byte	6
 779 02ee 8F       		.byte	-113
 780 02ef 08       		.byte	8
 781 02f0 91       		.byte	-111
 782 02f1 02       		.byte	2
 783 02f2 94       		.byte	-108
 784 02f3 04       		.byte	4
 785 02f4 97       		.byte	-105
 786 02f5 01       		.byte	1
 787 02f6 98       		.byte	-104
 788 02f7 01       		.byte	1
 789 02f8 99       		.byte	-103
 790 02f9 06       		.byte	6
 791 02fa 9C       		.byte	-100
 792 02fb 01       		.byte	1
 793 02fc A2       		.byte	-94
 794 02fd 01       		.byte	1
 795 02fe A4       		.byte	-92
 796 02ff 04       		.byte	4
 797 0300 A8       		.byte	-88
 798 0301 02       		.byte	2
ARM GAS  C:\Users\lucdd\AppData\Local\Temp\ccsrBcre.s 			page 15


 799 0302 B1       		.byte	-79
 800 0303 04       		.byte	4
 801 0304 B2       		.byte	-78
 802 0305 04       		.byte	4
 803 0306 B3       		.byte	-77
 804 0307 01       		.byte	1
 805 0308 B4       		.byte	-76
 806 0309 03       		.byte	3
 807 030a B5       		.byte	-75
 808 030b 08       		.byte	8
 809 030c B7       		.byte	-73
 810 030d 02       		.byte	2
 811 030e BC       		.byte	-68
 812 030f 20       		.byte	32
 813 0310 BD       		.byte	-67
 814 0311 80       		.byte	-128
 815 0312 BF       		.byte	-65
 816 0313 04       		.byte	4
 817 0314 C0       		.byte	-64
 818 0315 24       		.byte	36
 819 0316 C1       		.byte	-63
 820 0317 06       		.byte	6
 821 0318 C5       		.byte	-59
 822 0319 D1       		.byte	-47
 823 031a C7       		.byte	-57
 824 031b 02       		.byte	2
 825 031c C8       		.byte	-56
 826 031d 1B       		.byte	27
 827 031e C9       		.byte	-55
 828 031f FF       		.byte	-1
 829 0320 CA       		.byte	-54
 830 0321 FF       		.byte	-1
 831 0322 CB       		.byte	-53
 832 0323 FF       		.byte	-1
 833 0324 CD       		.byte	-51
 834 0325 A0       		.byte	-96
 835 0326 CF       		.byte	-49
 836 0327 04       		.byte	4
 837 0328 D0       		.byte	-48
 838 0329 18       		.byte	24
 839 032a D4       		.byte	-44
 840 032b 05       		.byte	5
 841 032c D8       		.byte	-40
 842 032d 04       		.byte	4
 843 032e D9       		.byte	-39
 844 032f 04       		.byte	4
 845 0330 DA       		.byte	-38
 846 0331 04       		.byte	4
 847 0332 DB       		.byte	-37
 848 0333 04       		.byte	4
 849 0334 DF       		.byte	-33
 850 0335 05       		.byte	5
 851 0336 E0       		.byte	-32
 852 0337 40       		.byte	64
 853 0338 E2       		.byte	-30
 854 0339 C0       		.byte	-64
 855 033a E4       		.byte	-28
ARM GAS  C:\Users\lucdd\AppData\Local\Temp\ccsrBcre.s 			page 16


 856 033b 40       		.byte	64
 857 033c E5       		.byte	-27
 858 033d 40       		.byte	64
 859 033e E6       		.byte	-26
 860 033f C0       		.byte	-64
 861 0340 E8       		.byte	-24
 862 0341 C0       		.byte	-64
 863 0342 EA       		.byte	-22
 864 0343 C0       		.byte	-64
 865 0344 EC       		.byte	-20
 866 0345 C0       		.byte	-64
 867 0346 EE       		.byte	-18
 868 0347 C0       		.byte	-64
 869 0348 00       		.byte	0
 870 0349 06       		.byte	6
 871 034a 04       		.byte	4
 872 034b 04       		.byte	4
 873 034c 09       		.byte	9
 874 034d 60       		.byte	96
 875 034e 0B       		.byte	11
 876 034f 20       		.byte	32
 877 0350 0C       		.byte	12
 878 0351 08       		.byte	8
 879 0352 10       		.byte	16
 880 0353 28       		.byte	40
 881 0354 13       		.byte	19
 882 0355 02       		.byte	2
 883 0356 18       		.byte	24
 884 0357 04       		.byte	4
 885 0358 1A       		.byte	26
 886 0359 20       		.byte	32
 887 035a 1C       		.byte	28
 888 035b 40       		.byte	64
 889 035c 1F       		.byte	31
 890 035d 82       		.byte	-126
 891 035e 21       		.byte	33
 892 035f 22       		.byte	34
 893 0360 22       		.byte	34
 894 0361 44       		.byte	68
 895 0362 25       		.byte	37
 896 0363 40       		.byte	64
 897 0364 27       		.byte	39
 898 0365 80       		.byte	-128
 899 0366 2C       		.byte	44
 900 0367 08       		.byte	8
 901 0368 30       		.byte	48
 902 0369 28       		.byte	40
 903 036a 31       		.byte	49
 904 036b 02       		.byte	2
 905 036c 37       		.byte	55
 906 036d 80       		.byte	-128
 907 036e 38       		.byte	56
 908 036f 04       		.byte	4
 909 0370 39       		.byte	57
 910 0371 40       		.byte	64
 911 0372 3B       		.byte	59
 912 0373 20       		.byte	32
ARM GAS  C:\Users\lucdd\AppData\Local\Temp\ccsrBcre.s 			page 17


 913 0374 3C       		.byte	60
 914 0375 06       		.byte	6
 915 0376 40       		.byte	64
 916 0377 44       		.byte	68
 917 0378 48       		.byte	72
 918 0379 28       		.byte	40
 919 037a 49       		.byte	73
 920 037b 01       		.byte	1
 921 037c 50       		.byte	80
 922 037d 08       		.byte	8
 923 037e 53       		.byte	83
 924 037f 10       		.byte	16
 925 0380 59       		.byte	89
 926 0381 01       		.byte	1
 927 0382 5A       		.byte	90
 928 0383 88       		.byte	-120
 929 0384 69       		.byte	105
 930 0385 40       		.byte	64
 931 0386 6B       		.byte	107
 932 0387 02       		.byte	2
 933 0388 74       		.byte	116
 934 0389 01       		.byte	1
 935 038a 7B       		.byte	123
 936 038b 82       		.byte	-126
 937 038c 7F       		.byte	127
 938 038d 80       		.byte	-128
 939 038e 8E       		.byte	-114
 940 038f 10       		.byte	16
 941 0390 C0       		.byte	-64
 942 0391 2C       		.byte	44
 943 0392 C2       		.byte	-62
 944 0393 27       		.byte	39
 945 0394 C4       		.byte	-60
 946 0395 0E       		.byte	14
 947 0396 CA       		.byte	-54
 948 0397 20       		.byte	32
 949 0398 CC       		.byte	-52
 950 0399 17       		.byte	23
 951 039a CE       		.byte	-50
 952 039b CE       		.byte	-50
 953 039c D0       		.byte	-48
 954 039d 05       		.byte	5
 955 039e D2       		.byte	-46
 956 039f 04       		.byte	4
 957 03a0 D6       		.byte	-42
 958 03a1 0B       		.byte	11
 959 03a2 DE       		.byte	-34
 960 03a3 89       		.byte	-119
 961 03a4 E6       		.byte	-26
 962 03a5 08       		.byte	8
 963 03a6 8B       		.byte	-117
 964 03a7 01       		.byte	1
 965 03a8 97       		.byte	-105
 966 03a9 01       		.byte	1
 967 03aa B1       		.byte	-79
 968 03ab 01       		.byte	1
 969 03ac B3       		.byte	-77
ARM GAS  C:\Users\lucdd\AppData\Local\Temp\ccsrBcre.s 			page 18


 970 03ad 01       		.byte	1
 971 03ae B7       		.byte	-73
 972 03af 01       		.byte	1
 973 03b0 C0       		.byte	-64
 974 03b1 21       		.byte	33
 975 03b2 C1       		.byte	-63
 976 03b3 06       		.byte	6
 977 03b4 C5       		.byte	-59
 978 03b5 D0       		.byte	-48
 979 03b6 C6       		.byte	-58
 980 03b7 10       		.byte	16
 981 03b8 C7       		.byte	-57
 982 03b9 02       		.byte	2
 983 03ba C8       		.byte	-56
 984 03bb 1E       		.byte	30
 985 03bc C9       		.byte	-55
 986 03bd FF       		.byte	-1
 987 03be CA       		.byte	-54
 988 03bf FF       		.byte	-1
 989 03c0 CB       		.byte	-53
 990 03c1 FF       		.byte	-1
 991 03c2 CD       		.byte	-51
 992 03c3 A0       		.byte	-96
 993 03c4 CF       		.byte	-49
 994 03c5 04       		.byte	4
 995 03c6 D0       		.byte	-48
 996 03c7 18       		.byte	24
 997 03c8 D9       		.byte	-39
 998 03c9 04       		.byte	4
 999 03ca DA       		.byte	-38
 1000 03cb 04       		.byte	4
 1001 03cc DB       		.byte	-37
 1002 03cd 04       		.byte	4
 1003 03ce DF       		.byte	-33
 1004 03cf 01       		.byte	1
 1005 03d0 E0       		.byte	-32
 1006 03d1 40       		.byte	64
 1007 03d2 E2       		.byte	-30
 1008 03d3 C0       		.byte	-64
 1009 03d4 E4       		.byte	-28
 1010 03d5 40       		.byte	64
 1011 03d6 E5       		.byte	-27
 1012 03d7 40       		.byte	64
 1013 03d8 E6       		.byte	-26
 1014 03d9 C0       		.byte	-64
 1015 03da E8       		.byte	-24
 1016 03db C0       		.byte	-64
 1017 03dc EA       		.byte	-22
 1018 03dd C0       		.byte	-64
 1019 03de EC       		.byte	-20
 1020 03df C0       		.byte	-64
 1021 03e0 EE       		.byte	-18
 1022 03e1 C0       		.byte	-64
 1023 03e2 04       		.byte	4
 1024 03e3 80       		.byte	-128
 1025 03e4 05       		.byte	5
 1026 03e5 18       		.byte	24
ARM GAS  C:\Users\lucdd\AppData\Local\Temp\ccsrBcre.s 			page 19


 1027 03e6 06       		.byte	6
 1028 03e7 80       		.byte	-128
 1029 03e8 07       		.byte	7
 1030 03e9 04       		.byte	4
 1031 03ea 0D       		.byte	13
 1032 03eb 20       		.byte	32
 1033 03ec 0E       		.byte	14
 1034 03ed 12       		.byte	18
 1035 03ee 15       		.byte	21
 1036 03ef 45       		.byte	69
 1037 03f0 17       		.byte	23
 1038 03f1 10       		.byte	16
 1039 03f2 1C       		.byte	28
 1040 03f3 20       		.byte	32
 1041 03f4 1D       		.byte	29
 1042 03f5 92       		.byte	-110
 1043 03f6 20       		.byte	32
 1044 03f7 01       		.byte	1
 1045 03f8 21       		.byte	33
 1046 03f9 04       		.byte	4
 1047 03fa 22       		.byte	34
 1048 03fb 02       		.byte	2
 1049 03fc 26       		.byte	38
 1050 03fd 88       		.byte	-120
 1051 03fe 27       		.byte	39
 1052 03ff 08       		.byte	8
 1053 0400 2F       		.byte	47
 1054 0401 28       		.byte	40
 1055 0402 30       		.byte	48
 1056 0403 08       		.byte	8
 1057 0404 35       		.byte	53
 1058 0405 20       		.byte	32
 1059 0406 36       		.byte	54
 1060 0407 21       		.byte	33
 1061 0408 37       		.byte	55
 1062 0409 08       		.byte	8
 1063 040a 39       		.byte	57
 1064 040b 20       		.byte	32
 1065 040c 3C       		.byte	60
 1066 040d 02       		.byte	2
 1067 040e 3D       		.byte	61
 1068 040f 29       		.byte	41
 1069 0410 40       		.byte	64
 1070 0411 01       		.byte	1
 1071 0412 41       		.byte	65
 1072 0413 10       		.byte	16
 1073 0414 42       		.byte	66
 1074 0415 04       		.byte	4
 1075 0416 45       		.byte	69
 1076 0417 B6       		.byte	-74
 1077 0418 46       		.byte	70
 1078 0419 80       		.byte	-128
 1079 041a 48       		.byte	72
 1080 041b 08       		.byte	8
 1081 041c 49       		.byte	73
 1082 041d 01       		.byte	1
 1083 041e 4D       		.byte	77
ARM GAS  C:\Users\lucdd\AppData\Local\Temp\ccsrBcre.s 			page 20


 1084 041f 20       		.byte	32
 1085 0420 50       		.byte	80
 1086 0421 28       		.byte	40
 1087 0422 52       		.byte	82
 1088 0423 40       		.byte	64
 1089 0424 57       		.byte	87
 1090 0425 28       		.byte	40
 1091 0426 5E       		.byte	94
 1092 0427 01       		.byte	1
 1093 0428 62       		.byte	98
 1094 0429 80       		.byte	-128
 1095 042a 63       		.byte	99
 1096 042b 01       		.byte	1
 1097 042c 64       		.byte	100
 1098 042d 04       		.byte	4
 1099 042e 66       		.byte	102
 1100 042f 02       		.byte	2
 1101 0430 67       		.byte	103
 1102 0431 01       		.byte	1
 1103 0432 6A       		.byte	106
 1104 0433 40       		.byte	64
 1105 0434 6F       		.byte	111
 1106 0435 01       		.byte	1
 1107 0436 86       		.byte	-122
 1108 0437 02       		.byte	2
 1109 0438 92       		.byte	-110
 1110 0439 04       		.byte	4
 1111 043a 95       		.byte	-107
 1112 043b 08       		.byte	8
 1113 043c 9D       		.byte	-99
 1114 043d 01       		.byte	1
 1115 043e 9E       		.byte	-98
 1116 043f 40       		.byte	64
 1117 0440 9F       		.byte	-97
 1118 0441 01       		.byte	1
 1119 0442 A4       		.byte	-92
 1120 0443 28       		.byte	40
 1121 0444 A6       		.byte	-90
 1122 0445 02       		.byte	2
 1123 0446 B2       		.byte	-78
 1124 0447 04       		.byte	4
 1125 0448 C0       		.byte	-64
 1126 0449 F0       		.byte	-16
 1127 044a C2       		.byte	-62
 1128 044b E0       		.byte	-32
 1129 044c C4       		.byte	-60
 1130 044d F0       		.byte	-16
 1131 044e CA       		.byte	-54
 1132 044f 60       		.byte	96
 1133 0450 CC       		.byte	-52
 1134 0451 E2       		.byte	-30
 1135 0452 CE       		.byte	-50
 1136 0453 E4       		.byte	-28
 1137 0454 D0       		.byte	-48
 1138 0455 FC       		.byte	-4
 1139 0456 D2       		.byte	-46
 1140 0457 24       		.byte	36
ARM GAS  C:\Users\lucdd\AppData\Local\Temp\ccsrBcre.s 			page 21


 1141 0458 D6       		.byte	-42
 1142 0459 80       		.byte	-128
 1143 045a D8       		.byte	-40
 1144 045b B0       		.byte	-80
 1145 045c 01       		.byte	1
 1146 045d 04       		.byte	4
 1147 045e 05       		.byte	5
 1148 045f 02       		.byte	2
 1149 0460 0F       		.byte	15
 1150 0461 01       		.byte	1
 1151 0462 15       		.byte	21
 1152 0463 06       		.byte	6
 1153 0464 19       		.byte	25
 1154 0465 07       		.byte	7
 1155 0466 1D       		.byte	29
 1156 0467 06       		.byte	6
 1157 0468 1F       		.byte	31
 1158 0469 01       		.byte	1
 1159 046a 21       		.byte	33
 1160 046b 06       		.byte	6
 1161 046c 23       		.byte	35
 1162 046d 01       		.byte	1
 1163 046e 29       		.byte	41
 1164 046f 01       		.byte	1
 1165 0470 2B       		.byte	43
 1166 0471 06       		.byte	6
 1167 0472 37       		.byte	55
 1168 0473 07       		.byte	7
 1169 0474 3B       		.byte	59
 1170 0475 80       		.byte	-128
 1171 0476 59       		.byte	89
 1172 0477 04       		.byte	4
 1173 0478 5C       		.byte	92
 1174 0479 10       		.byte	16
 1175 047a 5F       		.byte	95
 1176 047b 01       		.byte	1
 1177 047c 81       		.byte	-127
 1178 047d 06       		.byte	6
 1179 047e 82       		.byte	-126
 1180 047f 63       		.byte	99
 1181 0480 83       		.byte	-125
 1182 0481 01       		.byte	1
 1183 0482 84       		.byte	-124
 1184 0483 18       		.byte	24
 1185 0484 85       		.byte	-123
 1186 0485 02       		.byte	2
 1187 0486 88       		.byte	-120
 1188 0487 08       		.byte	8
 1189 0488 89       		.byte	-119
 1190 0489 06       		.byte	6
 1191 048a 8C       		.byte	-116
 1192 048b 10       		.byte	16
 1193 048c 8D       		.byte	-115
 1194 048d 10       		.byte	16
 1195 048e 8F       		.byte	-113
 1196 048f 08       		.byte	8
 1197 0490 90       		.byte	-112
ARM GAS  C:\Users\lucdd\AppData\Local\Temp\ccsrBcre.s 			page 22


 1198 0491 40       		.byte	64
 1199 0492 91       		.byte	-111
 1200 0493 07       		.byte	7
 1201 0494 94       		.byte	-108
 1202 0495 24       		.byte	36
 1203 0496 95       		.byte	-107
 1204 0497 18       		.byte	24
 1205 0498 98       		.byte	-104
 1206 0499 E7       		.byte	-25
 1207 049a 99       		.byte	-103
 1208 049b 01       		.byte	1
 1209 049c 9A       		.byte	-102
 1210 049d 18       		.byte	24
 1211 049e 9B       		.byte	-101
 1212 049f 06       		.byte	6
 1213 04a0 9C       		.byte	-100
 1214 04a1 9C       		.byte	-100
 1215 04a2 9D       		.byte	-99
 1216 04a3 04       		.byte	4
 1217 04a4 9E       		.byte	-98
 1218 04a5 62       		.byte	98
 1219 04a6 A1       		.byte	-95
 1220 04a7 07       		.byte	7
 1221 04a8 A2       		.byte	-94
 1222 04a9 04       		.byte	4
 1223 04aa A4       		.byte	-92
 1224 04ab 60       		.byte	96
 1225 04ac A5       		.byte	-91
 1226 04ad 08       		.byte	8
 1227 04ae A7       		.byte	-89
 1228 04af 30       		.byte	48
 1229 04b0 A8       		.byte	-88
 1230 04b1 FF       		.byte	-1
 1231 04b2 A9       		.byte	-87
 1232 04b3 18       		.byte	24
 1233 04b4 AC       		.byte	-84
 1234 04b5 FC       		.byte	-4
 1235 04b6 AE       		.byte	-82
 1236 04b7 01       		.byte	1
 1237 04b8 AF       		.byte	-81
 1238 04b9 01       		.byte	1
 1239 04ba B1       		.byte	-79
 1240 04bb 18       		.byte	24
 1241 04bc B2       		.byte	-78
 1242 04bd 80       		.byte	-128
 1243 04be B4       		.byte	-76
 1244 04bf 78       		.byte	120
 1245 04c0 B5       		.byte	-75
 1246 04c1 07       		.byte	7
 1247 04c2 B6       		.byte	-74
 1248 04c3 1F       		.byte	31
 1249 04c4 B7       		.byte	-73
 1250 04c5 20       		.byte	32
 1251 04c6 BA       		.byte	-70
 1252 04c7 A0       		.byte	-96
 1253 04c8 BB       		.byte	-69
 1254 04c9 08       		.byte	8
ARM GAS  C:\Users\lucdd\AppData\Local\Temp\ccsrBcre.s 			page 23


 1255 04ca BE       		.byte	-66
 1256 04cb 04       		.byte	4
 1257 04cc D6       		.byte	-42
 1258 04cd 02       		.byte	2
 1259 04ce D7       		.byte	-41
 1260 04cf 11       		.byte	17
 1261 04d0 D8       		.byte	-40
 1262 04d1 04       		.byte	4
 1263 04d2 D9       		.byte	-39
 1264 04d3 04       		.byte	4
 1265 04d4 DB       		.byte	-37
 1266 04d5 04       		.byte	4
 1267 04d6 DC       		.byte	-36
 1268 04d7 11       		.byte	17
 1269 04d8 DD       		.byte	-35
 1270 04d9 10       		.byte	16
 1271 04da DF       		.byte	-33
 1272 04db 01       		.byte	1
 1273 04dc 06       		.byte	6
 1274 04dd A1       		.byte	-95
 1275 04de 07       		.byte	7
 1276 04df 08       		.byte	8
 1277 04e0 0C       		.byte	12
 1278 04e1 40       		.byte	64
 1279 04e2 0D       		.byte	13
 1280 04e3 02       		.byte	2
 1281 04e4 0E       		.byte	14
 1282 04e5 26       		.byte	38
 1283 04e6 15       		.byte	21
 1284 04e7 80       		.byte	-128
 1285 04e8 17       		.byte	23
 1286 04e9 15       		.byte	21
 1287 04ea 1C       		.byte	28
 1288 04eb 10       		.byte	16
 1289 04ec 1D       		.byte	29
 1290 04ed 30       		.byte	48
 1291 04ee 1E       		.byte	30
 1292 04ef 06       		.byte	6
 1293 04f0 20       		.byte	32
 1294 04f1 02       		.byte	2
 1295 04f2 21       		.byte	33
 1296 04f3 40       		.byte	64
 1297 04f4 22       		.byte	34
 1298 04f5 40       		.byte	64
 1299 04f6 24       		.byte	36
 1300 04f7 C0       		.byte	-64
 1301 04f8 25       		.byte	37
 1302 04f9 06       		.byte	6
 1303 04fa 26       		.byte	38
 1304 04fb 20       		.byte	32
 1305 04fc 27       		.byte	39
 1306 04fd 11       		.byte	17
 1307 04fe 28       		.byte	40
 1308 04ff 40       		.byte	64
 1309 0500 29       		.byte	41
 1310 0501 10       		.byte	16
 1311 0502 2C       		.byte	44
ARM GAS  C:\Users\lucdd\AppData\Local\Temp\ccsrBcre.s 			page 24


 1312 0503 80       		.byte	-128
 1313 0504 2D       		.byte	45
 1314 0505 08       		.byte	8
 1315 0506 2E       		.byte	46
 1316 0507 90       		.byte	-112
 1317 0508 30       		.byte	48
 1318 0509 08       		.byte	8
 1319 050a 32       		.byte	50
 1320 050b 40       		.byte	64
 1321 050c 33       		.byte	51
 1322 050d 10       		.byte	16
 1323 050e 35       		.byte	53
 1324 050f 90       		.byte	-112
 1325 0510 36       		.byte	54
 1326 0511 05       		.byte	5
 1327 0512 3A       		.byte	58
 1328 0513 85       		.byte	-123
 1329 0514 3C       		.byte	60
 1330 0515 42       		.byte	66
 1331 0516 3E       		.byte	62
 1332 0517 28       		.byte	40
 1333 0518 5C       		.byte	92
 1334 0519 10       		.byte	16
 1335 051a 6D       		.byte	109
 1336 051b 44       		.byte	68
 1337 051c 6E       		.byte	110
 1338 051d 18       		.byte	24
 1339 051e 74       		.byte	116
 1340 051f 08       		.byte	8
 1341 0520 75       		.byte	117
 1342 0521 80       		.byte	-128
 1343 0522 76       		.byte	118
 1344 0523 2D       		.byte	45
 1345 0524 77       		.byte	119
 1346 0525 08       		.byte	8
 1347 0526 80       		.byte	-128
 1348 0527 80       		.byte	-128
 1349 0528 83       		.byte	-125
 1350 0529 10       		.byte	16
 1351 052a 89       		.byte	-119
 1352 052b 08       		.byte	8
 1353 052c 8A       		.byte	-118
 1354 052d 10       		.byte	16
 1355 052e 94       		.byte	-108
 1356 052f 80       		.byte	-128
 1357 0530 95       		.byte	-107
 1358 0531 44       		.byte	68
 1359 0532 96       		.byte	-106
 1360 0533 10       		.byte	16
 1361 0534 9A       		.byte	-102
 1362 0535 80       		.byte	-128
 1363 0536 9B       		.byte	-101
 1364 0537 04       		.byte	4
 1365 0538 9D       		.byte	-99
 1366 0539 08       		.byte	8
 1367 053a 9F       		.byte	-97
 1368 053b 10       		.byte	16
ARM GAS  C:\Users\lucdd\AppData\Local\Temp\ccsrBcre.s 			page 25


 1369 053c A4       		.byte	-92
 1370 053d 01       		.byte	1
 1371 053e A5       		.byte	-91
 1372 053f 24       		.byte	36
 1373 0540 A6       		.byte	-90
 1374 0541 21       		.byte	33
 1375 0542 AA       		.byte	-86
 1376 0543 40       		.byte	64
 1377 0544 AC       		.byte	-84
 1378 0545 04       		.byte	4
 1379 0546 AE       		.byte	-82
 1380 0547 08       		.byte	8
 1381 0548 B0       		.byte	-80
 1382 0549 10       		.byte	16
 1383 054a B2       		.byte	-78
 1384 054b 01       		.byte	1
 1385 054c C0       		.byte	-64
 1386 054d F0       		.byte	-16
 1387 054e C2       		.byte	-62
 1388 054f F0       		.byte	-16
 1389 0550 C4       		.byte	-60
 1390 0551 F0       		.byte	-16
 1391 0552 CA       		.byte	-54
 1392 0553 F5       		.byte	-11
 1393 0554 CC       		.byte	-52
 1394 0555 FE       		.byte	-2
 1395 0556 CE       		.byte	-50
 1396 0557 FB       		.byte	-5
 1397 0558 D6       		.byte	-42
 1398 0559 20       		.byte	32
 1399 055a E8       		.byte	-24
 1400 055b 04       		.byte	4
 1401 055c 33       		.byte	51
 1402 055d 80       		.byte	-128
 1403 055e 36       		.byte	54
 1404 055f 80       		.byte	-128
 1405 0560 CC       		.byte	-52
 1406 0561 30       		.byte	48
 1407 0562 A6       		.byte	-90
 1408 0563 80       		.byte	-128
 1409 0564 A7       		.byte	-89
 1410 0565 80       		.byte	-128
 1411 0566 12       		.byte	18
 1412 0567 80       		.byte	-128
 1413 0568 57       		.byte	87
 1414 0569 04       		.byte	4
 1415 056a 83       		.byte	-125
 1416 056b 04       		.byte	4
 1417 056c A6       		.byte	-90
 1418 056d 80       		.byte	-128
 1419 056e A7       		.byte	-89
 1420 056f 80       		.byte	-128
 1421 0570 C4       		.byte	-60
 1422 0571 10       		.byte	16
 1423 0572 D4       		.byte	-44
 1424 0573 40       		.byte	64
 1425 0574 E6       		.byte	-26
ARM GAS  C:\Users\lucdd\AppData\Local\Temp\ccsrBcre.s 			page 26


 1426 0575 20       		.byte	32
 1427 0576 6B       		.byte	107
 1428 0577 80       		.byte	-128
 1429 0578 83       		.byte	-125
 1430 0579 80       		.byte	-128
 1431 057a A7       		.byte	-89
 1432 057b 80       		.byte	-128
 1433 057c DC       		.byte	-36
 1434 057d 20       		.byte	32
 1435 057e E2       		.byte	-30
 1436 057f 80       		.byte	-128
 1437 0580 52       		.byte	82
 1438 0581 20       		.byte	32
 1439 0582 5C       		.byte	92
 1440 0583 40       		.byte	64
 1441 0584 8C       		.byte	-116
 1442 0585 08       		.byte	8
 1443 0586 D4       		.byte	-44
 1444 0587 04       		.byte	4
 1445 0588 D6       		.byte	-42
 1446 0589 04       		.byte	4
 1447 058a E0       		.byte	-32
 1448 058b 02       		.byte	2
 1449 058c 53       		.byte	83
 1450 058d 80       		.byte	-128
 1451 058e 57       		.byte	87
 1452 058f 08       		.byte	8
 1453 0590 80       		.byte	-128
 1454 0591 40       		.byte	64
 1455 0592 83       		.byte	-125
 1456 0593 08       		.byte	8
 1457 0594 86       		.byte	-122
 1458 0595 20       		.byte	32
 1459 0596 8F       		.byte	-113
 1460 0597 80       		.byte	-128
 1461 0598 94       		.byte	-108
 1462 0599 40       		.byte	64
 1463 059a 98       		.byte	-104
 1464 059b 08       		.byte	8
 1465 059c A6       		.byte	-90
 1466 059d 20       		.byte	32
 1467 059e D4       		.byte	-44
 1468 059f 06       		.byte	6
 1469 05a0 E0       		.byte	-32
 1470 05a1 02       		.byte	2
 1471 05a2 98       		.byte	-104
 1472 05a3 08       		.byte	8
 1473 05a4 87       		.byte	-121
 1474 05a5 80       		.byte	-128
 1475 05a6 A7       		.byte	-89
 1476 05a7 80       		.byte	-128
 1477 05a8 E6       		.byte	-26
 1478 05a9 10       		.byte	16
 1479 05aa 5C       		.byte	92
 1480 05ab 08       		.byte	8
 1481 05ac 66       		.byte	102
 1482 05ad 01       		.byte	1
ARM GAS  C:\Users\lucdd\AppData\Local\Temp\ccsrBcre.s 			page 27


 1483 05ae 98       		.byte	-104
 1484 05af 08       		.byte	8
 1485 05b0 A0       		.byte	-96
 1486 05b1 01       		.byte	1
 1487 05b2 B0       		.byte	-80
 1488 05b3 01       		.byte	1
 1489 05b4 D6       		.byte	-42
 1490 05b5 01       		.byte	1
 1491 05b6 D8       		.byte	-40
 1492 05b7 01       		.byte	1
 1493 05b8 E8       		.byte	-24
 1494 05b9 01       		.byte	1
 1495 05ba 10       		.byte	16
 1496 05bb 40       		.byte	64
 1497 05bc 74       		.byte	116
 1498 05bd 01       		.byte	1
 1499 05be 88       		.byte	-120
 1500 05bf 40       		.byte	64
 1501 05c0 A0       		.byte	-96
 1502 05c1 01       		.byte	1
 1503 05c2 AA       		.byte	-86
 1504 05c3 01       		.byte	1
 1505 05c4 C4       		.byte	-60
 1506 05c5 08       		.byte	8
 1507 05c6 DE       		.byte	-34
 1508 05c7 04       		.byte	4
 1509 05c8 E2       		.byte	-30
 1510 05c9 01       		.byte	1
 1511 05ca 00       		.byte	0
 1512 05cb 03       		.byte	3
 1513 05cc 0C       		.byte	12
 1514 05cd 03       		.byte	3
 1515 05ce 0E       		.byte	14
 1516 05cf 01       		.byte	1
 1517 05d0 10       		.byte	16
 1518 05d1 03       		.byte	3
 1519 05d2 1C       		.byte	28
 1520 05d3 03       		.byte	3
 1521 05d4 00       		.byte	0
 1522 05d5 0B       		.byte	11
 1523 05d6 00       		.byte	0
 1524 05d7 00       		.byte	0
 1525 05d8 84       		.byte	-124
 1526 05d9 84       		.byte	-124
 1527 05da 00       		.byte	0
 1528 05db 00       		.byte	0
 1529 05dc 40       		.byte	64
 1530 05dd 00       		.byte	0
 1531 05de 00       		.byte	0
 1532 05df 00       		.byte	0
 1533 05e0 00       		.byte	0
 1534 05e1 00       		.byte	0
 1535 05e2 60       		.byte	96
 1536 05e3 01       		.byte	1
 1537 05e4 22       		.byte	34
 1538 05e5 01       		.byte	1
 1539 05e6 11       		.byte	17
ARM GAS  C:\Users\lucdd\AppData\Local\Temp\ccsrBcre.s 			page 28


 1540 05e7 00       		.byte	0
 1541 05e8 61       		.byte	97
 1542 05e9 01       		.byte	1
 1543 05ea 0E       		.byte	14
 1544 05eb 00       		.byte	0
 1545 05ec 44       		.byte	68
 1546 05ed 00       		.byte	0
 1547 05ee 11       		.byte	17
 1548 05ef 00       		.byte	0
 1549 05f0 00       		.byte	0
 1550 05f1 00       		.byte	0
 1551 05f2 00       		.byte	0
 1552 05f3 01       		.byte	1
 1553 05f4 87       		.byte	-121
 1554 05f5 00       		.byte	0
 1555 05f6 00       		.byte	0
 1556 05f7 02       		.byte	2
 1557 05f8 60       		.byte	96
 1558 05f9 00       		.byte	0
 1559 05fa 00       		.byte	0
 1560 05fb 04       		.byte	4
 1561 05fc 00       		.byte	0
 1562 05fd 00       		.byte	0
 1563 05fe 60       		.byte	96
 1564 05ff 00       		.byte	0
 1565 0600 00       		.byte	0
 1566 0601 00       		.byte	0
 1567 0602 60       		.byte	96
 1568 0603 00       		.byte	0
 1569 0604 87       		.byte	-121
 1570 0605 00       		.byte	0
 1571 0606 00       		.byte	0
 1572 0607 04       		.byte	4
 1573 0608 60       		.byte	96
 1574 0609 00       		.byte	0
 1575 060a 00       		.byte	0
 1576 060b 02       		.byte	2
 1577 060c 80       		.byte	-128
 1578 060d 00       		.byte	0
 1579 060e 00       		.byte	0
 1580 060f 00       		.byte	0
 1581 0610 80       		.byte	-128
 1582 0611 00       		.byte	0
 1583 0612 60       		.byte	96
 1584 0613 02       		.byte	2
 1585 0614 07       		.byte	7
 1586 0615 01       		.byte	1
 1587 0616 18       		.byte	24
 1588 0617 04       		.byte	4
 1589 0618 00       		.byte	0
 1590 0619 20       		.byte	32
 1591 061a 00       		.byte	0
 1592 061b 00       		.byte	0
 1593 061c 00       		.byte	0
 1594 061d 00       		.byte	0
 1595 061e 40       		.byte	64
 1596 061f 44       		.byte	68
ARM GAS  C:\Users\lucdd\AppData\Local\Temp\ccsrBcre.s 			page 29


 1597 0620 24       		.byte	36
 1598 0621 03       		.byte	3
 1599 0622 06       		.byte	6
 1600 0623 00       		.byte	0
 1601 0624 01       		.byte	1
 1602 0625 00       		.byte	0
 1603 0626 C0       		.byte	-64
 1604 0627 0E       		.byte	14
 1605 0628 18       		.byte	24
 1606 0629 FF       		.byte	-1
 1607 062a FF       		.byte	-1
 1608 062b FF       		.byte	-1
 1609 062c 62       		.byte	98
 1610 062d A0       		.byte	-96
 1611 062e F0       		.byte	-16
 1612 062f 41       		.byte	65
 1613 0630 0C       		.byte	12
 1614 0631 00       		.byte	0
 1615 0632 00       		.byte	0
 1616 0633 00       		.byte	0
 1617 0634 18       		.byte	24
 1618 0635 00       		.byte	0
 1619 0636 04       		.byte	4
 1620 0637 00       		.byte	0
 1621 0638 04       		.byte	4
 1622 0639 04       		.byte	4
 1623 063a 04       		.byte	4
 1624 063b 04       		.byte	4
 1625 063c 11       		.byte	17
 1626 063d 11       		.byte	17
 1627 063e 00       		.byte	0
 1628 063f 01       		.byte	1
 1629 0640 00       		.byte	0
 1630 0641 00       		.byte	0
 1631 0642 00       		.byte	0
 1632 0643 00       		.byte	0
 1633 0644 00       		.byte	0
 1634 0645 00       		.byte	0
 1635 0646 40       		.byte	64
 1636 0647 02       		.byte	2
 1637 0648 00       		.byte	0
 1638 0649 10       		.byte	16
 1639 064a 30       		.byte	48
 1640 064b 10       		.byte	16
 1641 064c 00       		.byte	0
 1642 064d 10       		.byte	16
 1643 064e 10       		.byte	16
 1644 064f 12       		.byte	18
 1645 0650 00       		.byte	0
 1646 0651 00       		.byte	0
 1647 0652 00       		.byte	0
 1648 0653 00       		.byte	0
 1649 0654 00       		.byte	0
 1650 0655 00       		.byte	0
 1651 0656 00       		.byte	0
 1652 0657 00       		.byte	0
 1653 0658 00       		.byte	0
ARM GAS  C:\Users\lucdd\AppData\Local\Temp\ccsrBcre.s 			page 30


 1654 0659 00       		.byte	0
 1655 065a 00       		.byte	0
 1656 065b 00       		.byte	0
 1657 065c 00       		.byte	0
 1658 065d 00       		.byte	0
 1659 065e 00       		.byte	0
 1660 065f 00       		.byte	0
 1661 0660 80       		.byte	-128
 1662 0661 00       		.byte	0
 1663 0662 40       		.byte	64
 1664 0663 84       		.byte	-124
 1665 0664 84       		.byte	-124
 1666 0665 00       		.byte	0
 1667 0666 84       		.byte	-124
 1668 0667 00       		.byte	0
 1669 0668 00       		.byte	0
 1670 0669 00       		.byte	0
 1671 066a 00       		.byte	0
 1672 066b 00       		.byte	0
 1673 066c 00       		.byte	0
 1674 066d 30       		.byte	48
 1675 066e 30       		.byte	48
 1676 066f 00       		.byte	0
 1677 0670 30       		.byte	48
 1678 0671 00       		.byte	0
 1679 0672 00       		.byte	0
 1680 0673 00       		.byte	0
 1681 0674 00       		.byte	0
 1682 0675 CB       		.byte	-53
 1683 0676 CB       		.byte	-53
 1684 0677 00       		.byte	0
 1685 0678 C0       		.byte	-64
 1686 0679 00       		.byte	0
 1687 067a 00       		.byte	0
 1688 067b 00       		.byte	0
 1689 067c 04       		.byte	4
 1690 067d 00       		.byte	0
 1691 067e 00       		.byte	0
 1692 067f 07       		.byte	7
 1693 0680 03       		.byte	3
 1694 0681 00       		.byte	0
 1695 0682 03       		.byte	3
 1696 0683 00       		.byte	0
 1697 0684 00       		.byte	0
 1698 0685 00       		.byte	0
 1699 0686 00       		.byte	0
 1700 0687 00       		.byte	0
 1701              		.section	.cywolatch,"a",%progbits
 1702              		.align	2
 1703              		.type	cy_meta_wonvl, %object
 1704              		.size	cy_meta_wonvl, 4
 1705              	cy_meta_wonvl:
 1706 0000 BC       		.byte	-68
 1707 0001 90       		.byte	-112
 1708 0002 AC       		.byte	-84
 1709 0003 AF       		.byte	-81
 1710              		.section	.cycustnvl,"a",%progbits
ARM GAS  C:\Users\lucdd\AppData\Local\Temp\ccsrBcre.s 			page 31


 1711              		.align	2
 1712              		.type	cy_meta_custnvl, %object
 1713              		.size	cy_meta_custnvl, 4
 1714              	cy_meta_custnvl:
 1715 0000 00       		.byte	0
 1716 0001 00       		.byte	0
 1717 0002 40       		.byte	64
 1718 0003 05       		.byte	5
 1719              		.section	.cymeta,"a",%progbits
 1720              		.align	2
 1721              		.type	cy_metadata, %object
 1722              		.size	cy_metadata, 12
 1723              	cy_metadata:
 1724 0000 00       		.byte	0
 1725 0001 01       		.byte	1
 1726 0002 2E       		.byte	46
 1727 0003 16       		.byte	22
 1728 0004 10       		.byte	16
 1729 0005 69       		.byte	105
 1730 0006 00       		.byte	0
 1731 0007 01       		.byte	1
 1732 0008 00       		.byte	0
 1733 0009 00       		.byte	0
 1734 000a 00       		.byte	0
 1735 000b 00       		.byte	0
 1736              		.section	.cyflashprotect,"a",%progbits
 1737              		.align	2
 1738              		.type	cy_meta_flashprotect, %object
 1739              		.size	cy_meta_flashprotect, 256
 1740              	cy_meta_flashprotect:
 1741 0000 00000000 		.space	256
 1741      00000000 
 1741      00000000 
 1741      00000000 
 1741      00000000 
 1742              		.text
 1743              	.Letext0:
 1744              		.file 1 "c:\\program files (x86)\\cypress\\psoc creator\\4.2\\psoc creator\\import\\gnu\\arm\\5.4.
 1745              		.file 2 "c:\\program files (x86)\\cypress\\psoc creator\\4.2\\psoc creator\\import\\gnu\\arm\\5.4.
 1746              		.file 3 "Generated_Source\\PSoC5\\cymetadata.c"
 1747              		.section	.debug_info,"",%progbits
 1748              	.Ldebug_info0:
 1749 0000 34010000 		.4byte	0x134
 1750 0004 0400     		.2byte	0x4
 1751 0006 00000000 		.4byte	.Ldebug_abbrev0
 1752 000a 04       		.byte	0x4
 1753 000b 01       		.uleb128 0x1
 1754 000c 2C000000 		.4byte	.LASF17
 1755 0010 0C       		.byte	0xc
 1756 0011 C9010000 		.4byte	.LASF18
 1757 0015 25010000 		.4byte	.LASF19
 1758 0019 00000000 		.4byte	.Ldebug_line0
 1759 001d 02       		.uleb128 0x2
 1760 001e 01       		.byte	0x1
 1761 001f 06       		.byte	0x6
 1762 0020 BD010000 		.4byte	.LASF0
 1763 0024 03       		.uleb128 0x3
ARM GAS  C:\Users\lucdd\AppData\Local\Temp\ccsrBcre.s 			page 32


 1764 0025 00000000 		.4byte	.LASF9
 1765 0029 01       		.byte	0x1
 1766 002a 1D       		.byte	0x1d
 1767 002b 2F000000 		.4byte	0x2f
 1768 002f 02       		.uleb128 0x2
 1769 0030 01       		.byte	0x1
 1770 0031 08       		.byte	0x8
 1771 0032 1E000000 		.4byte	.LASF1
 1772 0036 02       		.uleb128 0x2
 1773 0037 02       		.byte	0x2
 1774 0038 05       		.byte	0x5
 1775 0039 AA010000 		.4byte	.LASF2
 1776 003d 02       		.uleb128 0x2
 1777 003e 02       		.byte	0x2
 1778 003f 07       		.byte	0x7
 1779 0040 CC000000 		.4byte	.LASF3
 1780 0044 02       		.uleb128 0x2
 1781 0045 04       		.byte	0x4
 1782 0046 05       		.byte	0x5
 1783 0047 B4010000 		.4byte	.LASF4
 1784 004b 02       		.uleb128 0x2
 1785 004c 04       		.byte	0x4
 1786 004d 07       		.byte	0x7
 1787 004e BA000000 		.4byte	.LASF5
 1788 0052 02       		.uleb128 0x2
 1789 0053 08       		.byte	0x8
 1790 0054 05       		.byte	0x5
 1791 0055 9C010000 		.4byte	.LASF6
 1792 0059 02       		.uleb128 0x2
 1793 005a 08       		.byte	0x8
 1794 005b 07       		.byte	0x7
 1795 005c 0E010000 		.4byte	.LASF7
 1796 0060 04       		.uleb128 0x4
 1797 0061 04       		.byte	0x4
 1798 0062 05       		.byte	0x5
 1799 0063 696E7400 		.ascii	"int\000"
 1800 0067 02       		.uleb128 0x2
 1801 0068 04       		.byte	0x4
 1802 0069 07       		.byte	0x7
 1803 006a 01010000 		.4byte	.LASF8
 1804 006e 03       		.uleb128 0x3
 1805 006f 0A000000 		.4byte	.LASF10
 1806 0073 02       		.byte	0x2
 1807 0074 18       		.byte	0x18
 1808 0075 24000000 		.4byte	0x24
 1809 0079 05       		.uleb128 0x5
 1810 007a 91000000 		.4byte	0x91
 1811 007e 8A000000 		.4byte	0x8a
 1812 0082 06       		.uleb128 0x6
 1813 0083 8A000000 		.4byte	0x8a
 1814 0087 8706     		.2byte	0x687
 1815 0089 00       		.byte	0
 1816 008a 02       		.uleb128 0x2
 1817 008b 04       		.byte	0x4
 1818 008c 07       		.byte	0x7
 1819 008d 93010000 		.4byte	.LASF11
 1820 0091 07       		.uleb128 0x7
ARM GAS  C:\Users\lucdd\AppData\Local\Temp\ccsrBcre.s 			page 33


 1821 0092 6E000000 		.4byte	0x6e
 1822 0096 08       		.uleb128 0x8
 1823 0097 EF000000 		.4byte	.LASF12
 1824 009b 03       		.byte	0x3
 1825 009c 1F       		.byte	0x1f
 1826 009d A7000000 		.4byte	0xa7
 1827 00a1 05       		.uleb128 0x5
 1828 00a2 03       		.byte	0x3
 1829 00a3 00000000 		.4byte	cy_meta_configecc
 1830 00a7 07       		.uleb128 0x7
 1831 00a8 79000000 		.4byte	0x79
 1832 00ac 05       		.uleb128 0x5
 1833 00ad 91000000 		.4byte	0x91
 1834 00b1 BC000000 		.4byte	0xbc
 1835 00b5 09       		.uleb128 0x9
 1836 00b6 8A000000 		.4byte	0x8a
 1837 00ba 03       		.byte	0x3
 1838 00bb 00       		.byte	0
 1839 00bc 08       		.uleb128 0x8
 1840 00bd DF000000 		.4byte	.LASF13
 1841 00c1 03       		.byte	0x3
 1842 00c2 FD       		.byte	0xfd
 1843 00c3 CD000000 		.4byte	0xcd
 1844 00c7 05       		.uleb128 0x5
 1845 00c8 03       		.byte	0x3
 1846 00c9 00000000 		.4byte	cy_meta_custnvl
 1847 00cd 07       		.uleb128 0x7
 1848 00ce AC000000 		.4byte	0xac
 1849 00d2 0A       		.uleb128 0xa
 1850 00d3 85010000 		.4byte	.LASF14
 1851 00d7 03       		.byte	0x3
 1852 00d8 0B01     		.2byte	0x10b
 1853 00da E4000000 		.4byte	0xe4
 1854 00de 05       		.uleb128 0x5
 1855 00df 03       		.byte	0x3
 1856 00e0 00000000 		.4byte	cy_meta_wonvl
 1857 00e4 07       		.uleb128 0x7
 1858 00e5 AC000000 		.4byte	0xac
 1859 00e9 05       		.uleb128 0x5
 1860 00ea 91000000 		.4byte	0x91
 1861 00ee F9000000 		.4byte	0xf9
 1862 00f2 09       		.uleb128 0x9
 1863 00f3 8A000000 		.4byte	0x8a
 1864 00f7 FF       		.byte	0xff
 1865 00f8 00       		.byte	0
 1866 00f9 0A       		.uleb128 0xa
 1867 00fa 70010000 		.4byte	.LASF15
 1868 00fe 03       		.byte	0x3
 1869 00ff 1901     		.2byte	0x119
 1870 0101 0B010000 		.4byte	0x10b
 1871 0105 05       		.uleb128 0x5
 1872 0106 03       		.byte	0x3
 1873 0107 00000000 		.4byte	cy_meta_flashprotect
 1874 010b 07       		.uleb128 0x7
 1875 010c E9000000 		.4byte	0xe9
 1876 0110 05       		.uleb128 0x5
 1877 0111 91000000 		.4byte	0x91
ARM GAS  C:\Users\lucdd\AppData\Local\Temp\ccsrBcre.s 			page 34


 1878 0115 20010000 		.4byte	0x120
 1879 0119 09       		.uleb128 0x9
 1880 011a 8A000000 		.4byte	0x8a
 1881 011e 0B       		.byte	0xb
 1882 011f 00       		.byte	0
 1883 0120 0A       		.uleb128 0xa
 1884 0121 12000000 		.4byte	.LASF16
 1885 0125 03       		.byte	0x3
 1886 0126 4601     		.2byte	0x146
 1887 0128 32010000 		.4byte	0x132
 1888 012c 05       		.uleb128 0x5
 1889 012d 03       		.byte	0x3
 1890 012e 00000000 		.4byte	cy_metadata
 1891 0132 07       		.uleb128 0x7
 1892 0133 10010000 		.4byte	0x110
 1893 0137 00       		.byte	0
 1894              		.section	.debug_abbrev,"",%progbits
 1895              	.Ldebug_abbrev0:
 1896 0000 01       		.uleb128 0x1
 1897 0001 11       		.uleb128 0x11
 1898 0002 01       		.byte	0x1
 1899 0003 25       		.uleb128 0x25
 1900 0004 0E       		.uleb128 0xe
 1901 0005 13       		.uleb128 0x13
 1902 0006 0B       		.uleb128 0xb
 1903 0007 03       		.uleb128 0x3
 1904 0008 0E       		.uleb128 0xe
 1905 0009 1B       		.uleb128 0x1b
 1906 000a 0E       		.uleb128 0xe
 1907 000b 10       		.uleb128 0x10
 1908 000c 17       		.uleb128 0x17
 1909 000d 00       		.byte	0
 1910 000e 00       		.byte	0
 1911 000f 02       		.uleb128 0x2
 1912 0010 24       		.uleb128 0x24
 1913 0011 00       		.byte	0
 1914 0012 0B       		.uleb128 0xb
 1915 0013 0B       		.uleb128 0xb
 1916 0014 3E       		.uleb128 0x3e
 1917 0015 0B       		.uleb128 0xb
 1918 0016 03       		.uleb128 0x3
 1919 0017 0E       		.uleb128 0xe
 1920 0018 00       		.byte	0
 1921 0019 00       		.byte	0
 1922 001a 03       		.uleb128 0x3
 1923 001b 16       		.uleb128 0x16
 1924 001c 00       		.byte	0
 1925 001d 03       		.uleb128 0x3
 1926 001e 0E       		.uleb128 0xe
 1927 001f 3A       		.uleb128 0x3a
 1928 0020 0B       		.uleb128 0xb
 1929 0021 3B       		.uleb128 0x3b
 1930 0022 0B       		.uleb128 0xb
 1931 0023 49       		.uleb128 0x49
 1932 0024 13       		.uleb128 0x13
 1933 0025 00       		.byte	0
 1934 0026 00       		.byte	0
ARM GAS  C:\Users\lucdd\AppData\Local\Temp\ccsrBcre.s 			page 35


 1935 0027 04       		.uleb128 0x4
 1936 0028 24       		.uleb128 0x24
 1937 0029 00       		.byte	0
 1938 002a 0B       		.uleb128 0xb
 1939 002b 0B       		.uleb128 0xb
 1940 002c 3E       		.uleb128 0x3e
 1941 002d 0B       		.uleb128 0xb
 1942 002e 03       		.uleb128 0x3
 1943 002f 08       		.uleb128 0x8
 1944 0030 00       		.byte	0
 1945 0031 00       		.byte	0
 1946 0032 05       		.uleb128 0x5
 1947 0033 01       		.uleb128 0x1
 1948 0034 01       		.byte	0x1
 1949 0035 49       		.uleb128 0x49
 1950 0036 13       		.uleb128 0x13
 1951 0037 01       		.uleb128 0x1
 1952 0038 13       		.uleb128 0x13
 1953 0039 00       		.byte	0
 1954 003a 00       		.byte	0
 1955 003b 06       		.uleb128 0x6
 1956 003c 21       		.uleb128 0x21
 1957 003d 00       		.byte	0
 1958 003e 49       		.uleb128 0x49
 1959 003f 13       		.uleb128 0x13
 1960 0040 2F       		.uleb128 0x2f
 1961 0041 05       		.uleb128 0x5
 1962 0042 00       		.byte	0
 1963 0043 00       		.byte	0
 1964 0044 07       		.uleb128 0x7
 1965 0045 26       		.uleb128 0x26
 1966 0046 00       		.byte	0
 1967 0047 49       		.uleb128 0x49
 1968 0048 13       		.uleb128 0x13
 1969 0049 00       		.byte	0
 1970 004a 00       		.byte	0
 1971 004b 08       		.uleb128 0x8
 1972 004c 34       		.uleb128 0x34
 1973 004d 00       		.byte	0
 1974 004e 03       		.uleb128 0x3
 1975 004f 0E       		.uleb128 0xe
 1976 0050 3A       		.uleb128 0x3a
 1977 0051 0B       		.uleb128 0xb
 1978 0052 3B       		.uleb128 0x3b
 1979 0053 0B       		.uleb128 0xb
 1980 0054 49       		.uleb128 0x49
 1981 0055 13       		.uleb128 0x13
 1982 0056 3F       		.uleb128 0x3f
 1983 0057 19       		.uleb128 0x19
 1984 0058 02       		.uleb128 0x2
 1985 0059 18       		.uleb128 0x18
 1986 005a 00       		.byte	0
 1987 005b 00       		.byte	0
 1988 005c 09       		.uleb128 0x9
 1989 005d 21       		.uleb128 0x21
 1990 005e 00       		.byte	0
 1991 005f 49       		.uleb128 0x49
ARM GAS  C:\Users\lucdd\AppData\Local\Temp\ccsrBcre.s 			page 36


 1992 0060 13       		.uleb128 0x13
 1993 0061 2F       		.uleb128 0x2f
 1994 0062 0B       		.uleb128 0xb
 1995 0063 00       		.byte	0
 1996 0064 00       		.byte	0
 1997 0065 0A       		.uleb128 0xa
 1998 0066 34       		.uleb128 0x34
 1999 0067 00       		.byte	0
 2000 0068 03       		.uleb128 0x3
 2001 0069 0E       		.uleb128 0xe
 2002 006a 3A       		.uleb128 0x3a
 2003 006b 0B       		.uleb128 0xb
 2004 006c 3B       		.uleb128 0x3b
 2005 006d 05       		.uleb128 0x5
 2006 006e 49       		.uleb128 0x49
 2007 006f 13       		.uleb128 0x13
 2008 0070 3F       		.uleb128 0x3f
 2009 0071 19       		.uleb128 0x19
 2010 0072 02       		.uleb128 0x2
 2011 0073 18       		.uleb128 0x18
 2012 0074 00       		.byte	0
 2013 0075 00       		.byte	0
 2014 0076 00       		.byte	0
 2015              		.section	.debug_aranges,"",%progbits
 2016 0000 14000000 		.4byte	0x14
 2017 0004 0200     		.2byte	0x2
 2018 0006 00000000 		.4byte	.Ldebug_info0
 2019 000a 04       		.byte	0x4
 2020 000b 00       		.byte	0
 2021 000c 0000     		.2byte	0
 2022 000e 0000     		.2byte	0
 2023 0010 00000000 		.4byte	0
 2024 0014 00000000 		.4byte	0
 2025              		.section	.debug_line,"",%progbits
 2026              	.Ldebug_line0:
 2027 0000 3D010000 		.section	.debug_str,"MS",%progbits,1
 2027      02003701 
 2027      00000201 
 2027      FB0E0D00 
 2027      01010101 
 2028              	.LASF9:
 2029 0000 5F5F7569 		.ascii	"__uint8_t\000"
 2029      6E74385F 
 2029      7400
 2030              	.LASF10:
 2031 000a 75696E74 		.ascii	"uint8_t\000"
 2031      385F7400 
 2032              	.LASF16:
 2033 0012 63795F6D 		.ascii	"cy_metadata\000"
 2033      65746164 
 2033      61746100 
 2034              	.LASF1:
 2035 001e 756E7369 		.ascii	"unsigned char\000"
 2035      676E6564 
 2035      20636861 
 2035      7200
 2036              	.LASF17:
ARM GAS  C:\Users\lucdd\AppData\Local\Temp\ccsrBcre.s 			page 37


 2037 002c 474E5520 		.ascii	"GNU C11 5.4.1 20160609 (release) [ARM/embedded-5-br"
 2037      43313120 
 2037      352E342E 
 2037      31203230 
 2037      31363036 
 2038 005f 616E6368 		.ascii	"anch revision 237715] -mcpu=cortex-m3 -mthumb -g -O"
 2038      20726576 
 2038      6973696F 
 2038      6E203233 
 2038      37373135 
 2039 0092 67202D66 		.ascii	"g -ffunction-sections -ffat-lto-objects\000"
 2039      66756E63 
 2039      74696F6E 
 2039      2D736563 
 2039      74696F6E 
 2040              	.LASF5:
 2041 00ba 6C6F6E67 		.ascii	"long unsigned int\000"
 2041      20756E73 
 2041      69676E65 
 2041      6420696E 
 2041      7400
 2042              	.LASF3:
 2043 00cc 73686F72 		.ascii	"short unsigned int\000"
 2043      7420756E 
 2043      7369676E 
 2043      65642069 
 2043      6E7400
 2044              	.LASF13:
 2045 00df 63795F6D 		.ascii	"cy_meta_custnvl\000"
 2045      6574615F 
 2045      63757374 
 2045      6E766C00 
 2046              	.LASF12:
 2047 00ef 63795F6D 		.ascii	"cy_meta_configecc\000"
 2047      6574615F 
 2047      636F6E66 
 2047      69676563 
 2047      6300
 2048              	.LASF8:
 2049 0101 756E7369 		.ascii	"unsigned int\000"
 2049      676E6564 
 2049      20696E74 
 2049      00
 2050              	.LASF7:
 2051 010e 6C6F6E67 		.ascii	"long long unsigned int\000"
 2051      206C6F6E 
 2051      6720756E 
 2051      7369676E 
 2051      65642069 
 2052              	.LASF19:
 2053 0125 433A5C55 		.ascii	"C:\\Users\\lucdd\\Documents\\GitHub\\me135_fw\\psoc"
 2053      73657273 
 2053      5C6C7563 
 2053      64645C44 
 2053      6F63756D 
 2054 0152 5F636F64 		.ascii	"_code\\135_motor_project.cydsn\000"
 2054      655C3133 
ARM GAS  C:\Users\lucdd\AppData\Local\Temp\ccsrBcre.s 			page 38


 2054      355F6D6F 
 2054      746F725F 
 2054      70726F6A 
 2055              	.LASF15:
 2056 0170 63795F6D 		.ascii	"cy_meta_flashprotect\000"
 2056      6574615F 
 2056      666C6173 
 2056      6870726F 
 2056      74656374 
 2057              	.LASF14:
 2058 0185 63795F6D 		.ascii	"cy_meta_wonvl\000"
 2058      6574615F 
 2058      776F6E76 
 2058      6C00
 2059              	.LASF11:
 2060 0193 73697A65 		.ascii	"sizetype\000"
 2060      74797065 
 2060      00
 2061              	.LASF6:
 2062 019c 6C6F6E67 		.ascii	"long long int\000"
 2062      206C6F6E 
 2062      6720696E 
 2062      7400
 2063              	.LASF2:
 2064 01aa 73686F72 		.ascii	"short int\000"
 2064      7420696E 
 2064      7400
 2065              	.LASF4:
 2066 01b4 6C6F6E67 		.ascii	"long int\000"
 2066      20696E74 
 2066      00
 2067              	.LASF0:
 2068 01bd 7369676E 		.ascii	"signed char\000"
 2068      65642063 
 2068      68617200 
 2069              	.LASF18:
 2070 01c9 47656E65 		.ascii	"Generated_Source\\PSoC5\\cymetadata.c\000"
 2070      72617465 
 2070      645F536F 
 2070      75726365 
 2070      5C50536F 
 2071              		.ident	"GCC: (GNU Tools for ARM Embedded Processors) 5.4.1 20160609 (release) [ARM/embedded-5-bran
